
> presale@1.0.0 whitlist:privatesale /Users/pjh/workspace/presale-contracts
> truffle exec scripts/privatesale-kyc.js

Using network 'development'.

Privatesale contract deployed at 0x9215EccC5dF490f87C7B66D2306a39EB0E1D7430
[Payment0: 0x1c0a5Dbec8A67490013e96eDbcc18fAcd90dcDa7] purchaser already registered
[Payment1: 0x32C5cc35c5696953162004b666712d28BF89a125] purchaser already registered
[Payment2: 0x5D76EA2Fca6e00CfF91588eabF4DE37bAfd73469] purchaser already registered
[Payment3: 0x3F17EdC8Cf0Eb20f011C7ecE6C1c4C1fC84eCF00] purchaser already registered
[Payment4: 0x72cCC4BEDE1a7d09aa20d97355543d0640c661F1] purchaser already registered
[Payment5: 0x443a8e36753ccd89108f1b0fc92f24eea7c7fdbc] purchaser already registered
[Payment6: 0x443a8e36753ccd89108f1b0fc92f24eea7c7fdb2] registering...

#####################################
#  KYC Summary (transaction-based)  #
#####################################
╔═══════════════════════════╤═══════════════════════════════════════════════╤═════════════════╗
║ NAME                      │                                WEI or ADDRESS │          SYMBOL ║
╟───────────────────────────┼───────────────────────────────────────────────┼─────────────────╢
║ Payment#6 Address         │    0x443a8e36753ccd89108f1b0fc92f24eea7c7fdb2 │                 ║
╟───────────────────────────┼───────────────────────────────────────────────┼─────────────────╢
║ Payment#6 ETH Cap         │                        1057753331923000000000 │     1057.75 ETH ║
╟───────────────────────────┼───────────────────────────────────────────────┼─────────────────╢
║ Payment#6 PTON/ETH Rate   │                          15126400000000000000 │  15.13 PTON/ETH ║
╟───────────────────────────┼───────────────────────────────────────────────┼─────────────────╢
║ Payment#6 expected PTON   │                       16000000000000067200000 │   16000.00 PTON ║
╟───────────────────────────┼───────────────────────────────────────────────┼─────────────────╢
║                           │                                               │                 ║
╚═══════════════════════════╧═══════════════════════════════════════════════╧═════════════════╝


######################
#  Total KYC Result  #
######################
╔═══════════════════════════╤═══════════════════════════════════════════════╤═══════════════════════════════════════════════╤════════════╗
║ NAME                      │                                      EXPECTED │                                        ACTUAL │       SAME ║
╟───────────────────────────┼───────────────────────────────────────────────┼───────────────────────────────────────────────┼────────────╢
║ Payment#0 Address         │                                               │    0x1c0a5Dbec8A67490013e96eDbcc18fAcd90dcDa7 │            ║
╟───────────────────────────┼───────────────────────────────────────────────┼───────────────────────────────────────────────┼────────────╢
║ Payment#0 ETH Cap         │            600000000000000000000 (600.00 ETH) │            600000000000000000000 (600.00 ETH) │       true ║
╟───────────────────────────┼───────────────────────────────────────────────┼───────────────────────────────────────────────┼────────────╢
║ Payment#0 PTON/ETH Rate   │         15040000000000000000 (15.04 PTON/ETH) │         15040000000000000000 (15.04 PTON/ETH) │       true ║
╟───────────────────────────┼───────────────────────────────────────────────┼───────────────────────────────────────────────┼────────────╢
║                           │                                               │                                               │            ║
╟───────────────────────────┼───────────────────────────────────────────────┼───────────────────────────────────────────────┼────────────╢
║ Payment#1 Address         │                                               │    0x32C5cc35c5696953162004b666712d28BF89a125 │            ║
╟───────────────────────────┼───────────────────────────────────────────────┼───────────────────────────────────────────────┼────────────╢
║ Payment#1 ETH Cap         │            717380000000000000000 (717.38 ETH) │            717380000000000000000 (717.38 ETH) │       true ║
╟───────────────────────────┼───────────────────────────────────────────────┼───────────────────────────────────────────────┼────────────╢
║ Payment#1 PTON/ETH Rate   │         15040000000000000000 (15.04 PTON/ETH) │         15040000000000000000 (15.04 PTON/ETH) │       true ║
╟───────────────────────────┼───────────────────────────────────────────────┼───────────────────────────────────────────────┼────────────╢
║                           │                                               │                                               │            ║
╟───────────────────────────┼───────────────────────────────────────────────┼───────────────────────────────────────────────┼────────────╢
║ Payment#2 Address         │                                               │    0x5D76EA2Fca6e00CfF91588eabF4DE37bAfd73469 │            ║
╟───────────────────────────┼───────────────────────────────────────────────┼───────────────────────────────────────────────┼────────────╢
║ Payment#2 ETH Cap         │            500000000000000000000 (500.00 ETH) │            500000000000000000000 (500.00 ETH) │       true ║
╟───────────────────────────┼───────────────────────────────────────────────┼───────────────────────────────────────────────┼────────────╢
║ Payment#2 PTON/ETH Rate   │         15040000000000000000 (15.04 PTON/ETH) │         15040000000000000000 (15.04 PTON/ETH) │       true ║
╟───────────────────────────┼───────────────────────────────────────────────┼───────────────────────────────────────────────┼────────────╢
║                           │                                               │                                               │            ║
╟───────────────────────────┼───────────────────────────────────────────────┼───────────────────────────────────────────────┼────────────╢
║ Payment#3 Address         │                                               │    0x3F17EdC8Cf0Eb20f011C7ecE6C1c4C1fC84eCF00 │            ║
╟───────────────────────────┼───────────────────────────────────────────────┼───────────────────────────────────────────────┼────────────╢
║ Payment#3 ETH Cap         │            500000000000000000000 (500.00 ETH) │            500000000000000000000 (500.00 ETH) │       true ║
╟───────────────────────────┼───────────────────────────────────────────────┼───────────────────────────────────────────────┼────────────╢
║ Payment#3 PTON/ETH Rate   │         15040000000000000000 (15.04 PTON/ETH) │         15040000000000000000 (15.04 PTON/ETH) │       true ║
╟───────────────────────────┼───────────────────────────────────────────────┼───────────────────────────────────────────────┼────────────╢
║                           │                                               │                                               │            ║
╟───────────────────────────┼───────────────────────────────────────────────┼───────────────────────────────────────────────┼────────────╢
║ Payment#4 Address         │                                               │    0x72cCC4BEDE1a7d09aa20d97355543d0640c661F1 │            ║
╟───────────────────────────┼───────────────────────────────────────────────┼───────────────────────────────────────────────┼────────────╢
║ Payment#4 ETH Cap         │            342200000000000000000 (342.20 ETH) │            342200000000000000000 (342.20 ETH) │       true ║
╟───────────────────────────┼───────────────────────────────────────────────┼───────────────────────────────────────────────┼────────────╢
║ Payment#4 PTON/ETH Rate   │         15040000000000000000 (15.04 PTON/ETH) │         15040000000000000000 (15.04 PTON/ETH) │       true ║
╟───────────────────────────┼───────────────────────────────────────────────┼───────────────────────────────────────────────┼────────────╢
║                           │                                               │                                               │            ║
╟───────────────────────────┼───────────────────────────────────────────────┼───────────────────────────────────────────────┼────────────╢
║ Payment#5 Address         │                                               │    0x443a8e36753ccd89108f1b0fc92f24eea7c7fdbc │            ║
╟───────────────────────────┼───────────────────────────────────────────────┼───────────────────────────────────────────────┼────────────╢
║ Payment#5 ETH Cap         │            783330722230926000000 (783.33 ETH) │            783330722230926000000 (783.33 ETH) │       true ║
╟───────────────────────────┼───────────────────────────────────────────────┼───────────────────────────────────────────────┼────────────╢
║ Payment#5 PTON/ETH Rate   │         15319200000000000000 (15.32 PTON/ETH) │         15319200000000000000 (15.32 PTON/ETH) │       true ║
╟───────────────────────────┼───────────────────────────────────────────────┼───────────────────────────────────────────────┼────────────╢
║                           │                                               │                                               │            ║
╟───────────────────────────┼───────────────────────────────────────────────┼───────────────────────────────────────────────┼────────────╢
║ Payment#6 Address         │                                               │    0x443a8e36753ccd89108f1b0fc92f24eea7c7fdb2 │            ║
╟───────────────────────────┼───────────────────────────────────────────────┼───────────────────────────────────────────────┼────────────╢
║ Payment#6 ETH Cap         │          1057753331923000000000 (1057.75 ETH) │          1057753331923000000000 (1057.75 ETH) │       true ║
╟───────────────────────────┼───────────────────────────────────────────────┼───────────────────────────────────────────────┼────────────╢
║ Payment#6 PTON/ETH Rate   │         15126400000000000000 (15.13 PTON/ETH) │         15126400000000000000 (15.13 PTON/ETH) │       true ║
╟───────────────────────────┼───────────────────────────────────────────────┼───────────────────────────────────────────────┼────────────╢
║                           │                                               │                                               │            ║
╚═══════════════════════════╧═══════════════════════════════════════════════╧═══════════════════════════════════════════════╧════════════╝

